<?xml version="1.0" encoding="utf-8"?><testsuites name="pytest tests"><testsuite name="pytest" errors="0" failures="0" skipped="0" tests="26" time="4.626" timestamp="2026-03-04T01:29:10.302379+00:00" hostname="agent-env-b36750b4-bbe9-4a57-8df0-308c6f12dfe1"><testcase classname="tests.test_backend_apis.TestHealth" name="test_health_endpoint" time="0.204" /><testcase classname="tests.test_backend_apis.TestHealth" name="test_health_has_4200_questions" time="0.160" /><testcase classname="tests.test_backend_apis.TestUser" name="test_create_user" time="0.194" /><testcase classname="tests.test_backend_apis.TestUser" name="test_get_user" time="0.168" /><testcase classname="tests.test_backend_apis.TestUser" name="test_update_user" time="0.215" /><testcase classname="tests.test_backend_apis.TestUser" name="test_add_xp" time="0.191" /><testcase classname="tests.test_backend_apis.TestUser" name="test_add_coins" time="0.183" /><testcase classname="tests.test_backend_apis.TestQuestions" name="test_get_question_counts" time="0.153" /><testcase classname="tests.test_backend_apis.TestQuestions" name="test_get_questions_by_language" time="0.140" /><testcase classname="tests.test_backend_apis.TestQuestions" name="test_get_random_questions" time="0.134" /><testcase classname="tests.test_backend_apis.TestQuestions" name="test_get_categories" time="0.111" /><testcase classname="tests.test_backend_apis.TestQuiz" name="test_start_quiz" time="0.227" /><testcase classname="tests.test_backend_apis.TestQuiz" name="test_submit_answer" time="0.259" /><testcase classname="tests.test_backend_apis.TestQuiz" name="test_quiz_history" time="0.172" /><testcase classname="tests.test_backend_apis.TestMissions" name="test_get_daily_missions" time="0.175" /><testcase classname="tests.test_backend_apis.TestMissions" name="test_get_weekly_missions" time="0.173" /><testcase classname="tests.test_backend_apis.TestMissions" name="test_get_boss_missions" time="0.128" /><testcase classname="tests.test_backend_apis.TestShop" name="test_get_shop_items" time="0.164" /><testcase classname="tests.test_backend_apis.TestShop" name="test_buy_item" time="0.329" /><testcase classname="tests.test_backend_apis.TestShop" name="test_get_inventory" time="0.167" /><testcase classname="tests.test_backend_apis.TestPairProgramming" name="test_get_pair_challenge" time="0.129" /><testcase classname="tests.test_backend_apis.TestPairProgramming" name="test_validate_pair" time="0.182" /><testcase classname="tests.test_backend_apis.TestBugHunt" name="test_get_bug_hunt" time="0.128" /><testcase classname="tests.test_backend_apis.TestInterview" name="test_get_interview_questions" time="0.110" /><testcase classname="tests.test_backend_apis.TestPomodoro" name="test_complete_pomodoro" time="0.154" /><testcase classname="tests.test_backend_apis.TestStats" name="test_get_stats" time="0.170" /></testsuite></testsuites>